<?xml version="1.0" encoding="UTF-8"?>
<testng-results ignored="0" total="4" passed="4" failed="0" skipped="0">
  <reporter-output>
  </reporter-output>
  <suite started-at="2026-06-07T13:40:38 IST" name="Default suite" finished-at="2026-06-07T13:40:47 IST" duration-ms="8587">
    <groups>
      <group name="cucumber">
        <method signature="AbstractTestNGCucumberTests.runScenario(io.cucumber.testng.PickleWrapper,io.cucumber.testng.FeatureWrapper)[pri:0, instance:Runners.runTest@34f5090e]" name="runScenario" class="io.cucumber.testng.AbstractTestNGCucumberTests"/>
      </group> <!-- cucumber -->
    </groups>
    <test started-at="2026-06-07T13:40:38 IST" name="Default test" finished-at="2026-06-07T13:40:47 IST" duration-ms="8587">
      <class name="Runners.runTest">
        <test-method is-config="true" signature="setUpClass(org.testng.ITestContext)[pri:0, instance:Runners.runTest@34f5090e]" started-at="2026-06-07T13:40:38 IST" name="setUpClass" finished-at="2026-06-07T13:40:39 IST" duration-ms="255" status="PASS">
          <params>
            <param index="0">
              <value>
                <![CDATA[org.testng.TestRunner@5c4cc644]]>
              </value>
            </param>
          </params>
          <reporter-output>
          </reporter-output>
        </test-method> <!-- setUpClass -->
        <test-method is-config="true" signature="setUP()[pri:0, instance:Runners.runTest@34f5090e]" started-at="2026-06-07T13:40:39 IST" name="setUP" finished-at="2026-06-07T13:40:41 IST" duration-ms="2017" status="PASS">
          <reporter-output>
          </reporter-output>
        </test-method> <!-- setUP -->
        <test-method signature="runScenario(io.cucumber.testng.PickleWrapper,io.cucumber.testng.FeatureWrapper)[pri:0, instance:Runners.runTest@34f5090e]" started-at="2026-06-07T13:40:41 IST" name="runScenario" description="Runs Cucumber Scenarios" data-provider="scenarios" finished-at="2026-06-07T13:40:43 IST" duration-ms="2600" status="PASS">
          <params>
            <param index="0">
              <value>
                <![CDATA["Login to the application and verifying home page"]]>
              </value>
            </param>
            <param index="1">
              <value>
                <![CDATA["Placing the order"]]>
              </value>
            </param>
          </params>
          <reporter-output>
          </reporter-output>
        </test-method> <!-- runScenario -->
        <test-method signature="runScenario(io.cucumber.testng.PickleWrapper,io.cucumber.testng.FeatureWrapper)[pri:0, instance:Runners.runTest@34f5090e]" started-at="2026-06-07T13:40:43 IST" name="runScenario" description="Runs Cucumber Scenarios" data-provider="scenarios" finished-at="2026-06-07T13:40:44 IST" duration-ms="562" status="PASS">
          <params>
            <param index="0">
              <value>
                <![CDATA["selecting items to the cart"]]>
              </value>
            </param>
            <param index="1">
              <value>
                <![CDATA["Placing the order"]]>
              </value>
            </param>
          </params>
          <reporter-output>
          </reporter-output>
        </test-method> <!-- runScenario -->
        <test-method signature="runScenario(io.cucumber.testng.PickleWrapper,io.cucumber.testng.FeatureWrapper)[pri:0, instance:Runners.runTest@34f5090e]" started-at="2026-06-07T13:40:44 IST" name="runScenario" description="Runs Cucumber Scenarios" data-provider="scenarios" finished-at="2026-06-07T13:40:44 IST" duration-ms="315" status="PASS">
          <params>
            <param index="0">
              <value>
                <![CDATA["Address adding and checkout"]]>
              </value>
            </param>
            <param index="1">
              <value>
                <![CDATA["Placing the order"]]>
              </value>
            </param>
          </params>
          <reporter-output>
          </reporter-output>
        </test-method> <!-- runScenario -->
        <test-method signature="runScenario(io.cucumber.testng.PickleWrapper,io.cucumber.testng.FeatureWrapper)[pri:0, instance:Runners.runTest@34f5090e]" started-at="2026-06-07T13:40:44 IST" name="runScenario" description="Runs Cucumber Scenarios" data-provider="scenarios" finished-at="2026-06-07T13:40:47 IST" duration-ms="2583" status="PASS">
          <params>
            <param index="0">
              <value>
                <![CDATA["Verifying checkout overview page"]]>
              </value>
            </param>
            <param index="1">
              <value>
                <![CDATA["Placing the order"]]>
              </value>
            </param>
          </params>
          <reporter-output>
          </reporter-output>
        </test-method> <!-- runScenario -->
        <test-method is-config="true" signature="tearDownClass()[pri:0, instance:Runners.runTest@34f5090e]" started-at="2026-06-07T13:40:47 IST" name="tearDownClass" finished-at="2026-06-07T13:40:47 IST" duration-ms="5" status="PASS">
          <reporter-output>
          </reporter-output>
        </test-method> <!-- tearDownClass -->
      </class> <!-- Runners.runTest -->
    </test> <!-- Default test -->
  </suite> <!-- Default suite -->
</testng-results>
