<?xml version="1.0" encoding="UTF-8"?>
<!-- Generated by org.testng.reporters.JUnitReportReporter -->
<testsuite hostname="DESKTOP-CCAPALI" failures="0" tests="4" name="Runners.runTest" time="6.060" errors="0" timestamp="2026-06-07T13:40:47 IST" skipped="0">
  <testcase classname="Runners.runTest" name="runScenario" time="0.315"/>
  <system-out/>
  <testcase classname="Runners.runTest" name="runScenario" time="0.562"/>
  <system-out/>
  <testcase classname="Runners.runTest" name="runScenario" time="2.583"/>
  <system-out/>
  <testcase classname="Runners.runTest" name="runScenario" time="2.600"/>
  <system-out/>
</testsuite> <!-- Runners.runTest -->
